[debug] [2018-08-22T18:20:31.586Z] ----------------------------------------------------------------------
[debug] [2018-08-22T18:20:31.587Z] Command:       /usr/bin/node /usr/bin/firebase deploy
[debug] [2018-08-22T18:20:31.587Z] CLI Version:   4.1.2
[debug] [2018-08-22T18:20:31.587Z] Platform:      linux
[debug] [2018-08-22T18:20:31.587Z] Node Version:  v8.11.1
[debug] [2018-08-22T18:20:31.587Z] Time:          Thu Aug 23 2018 01:20:31 GMT+0700 (+07)
[debug] [2018-08-22T18:20:31.588Z] ----------------------------------------------------------------------
[debug] 
[debug] [2018-08-22T18:20:31.593Z] > command requires scopes: ["email","openid","https://www.googleapis.com/auth/cloudplatformprojects.readonly","https://www.googleapis.com/auth/firebase","https://www.googleapis.com/auth/cloud-platform"]
[debug] [2018-08-22T18:20:31.593Z] > authorizing via signed-in user
[debug] [2018-08-22T18:20:31.595Z] >>> HTTP REQUEST GET https://admin.firebase.com/v1/projects/pwagram-2b678  
 
[debug] [2018-08-22T18:22:10.365Z] ----------------------------------------------------------------------
[debug] [2018-08-22T18:22:10.368Z] Command:       /usr/bin/node /usr/bin/firebase deploy
[debug] [2018-08-22T18:22:10.368Z] CLI Version:   4.1.2
[debug] [2018-08-22T18:22:10.368Z] Platform:      linux
[debug] [2018-08-22T18:22:10.368Z] Node Version:  v8.11.1
[debug] [2018-08-22T18:22:10.369Z] Time:          Thu Aug 23 2018 01:22:10 GMT+0700 (+07)
[debug] [2018-08-22T18:22:10.369Z] ----------------------------------------------------------------------
[debug] 
[debug] [2018-08-22T18:22:10.380Z] > command requires scopes: ["email","openid","https://www.googleapis.com/auth/cloudplatformprojects.readonly","https://www.googleapis.com/auth/firebase","https://www.googleapis.com/auth/cloud-platform"]
[debug] [2018-08-22T18:22:10.380Z] > authorizing via signed-in user
[debug] [2018-08-22T18:22:10.382Z] >>> HTTP REQUEST GET https://admin.firebase.com/v1/projects/pwagram-2b678  
 
